This file contains any messages produced by compilers while
running configure, to aid debugging if configure makes a mistake.

It was created by range-fcgi configure 0.1.0, which was
generated by GNU Autoconf 2.63.  Invocation command line was

  $ ./configure --prefix=/usr

## --------- ##
## Platform. ##
## --------- ##

hostname = range1001.ops.sharerthis.com
uname -m = x86_64
uname -r = 3.4.43-43.43.amzn1.x86_64
uname -s = Linux
uname -v = #1 SMP Mon May 6 18:04:41 UTC 2013

/usr/bin/uname -p = unknown
/bin/uname -X     = unknown

/bin/arch              = x86_64
/usr/bin/arch -k       = unknown
/usr/convex/getsysinfo = unknown
/usr/bin/hostinfo      = unknown
/bin/machine           = unknown
/usr/bin/oslevel       = unknown
/bin/universe          = unknown

PATH: /sbin
PATH: /bin
PATH: /usr/sbin
PATH: /usr/bin


## ----------- ##
## Core tests. ##
## ----------- ##

configure:1941: checking for a BSD-compatible install
configure:2009: result: /usr/bin/install -c
configure:2020: checking whether build environment is sane
configure:2080: result: yes
configure:2221: checking for a thread-safe mkdir -p
configure:2260: result: /bin/mkdir -p
configure:2273: checking for gawk
configure:2289: found /bin/gawk
configure:2300: result: gawk
configure:2311: checking whether make sets $(MAKE)
configure:2333: result: yes
configure:2556: creating ./config.status

## ---------------------- ##
## Running config.status. ##
## ---------------------- ##

This file was extended by range-fcgi config.status 0.1.0, which was
generated by GNU Autoconf 2.63.  Invocation command line was

  CONFIG_FILES    = 
  CONFIG_HEADERS  = 
  CONFIG_LINKS    = 
  CONFIG_COMMANDS = 
  $ ./config.status 

on range1001.ops.sharerthis.com

config.status:710: creating Makefile
config.status:710: creating src/Makefile
configure:3596: checking for gcc
configure:3612: found /usr/bin/gcc
configure:3623: result: gcc
configure:3855: checking for C compiler version
configure:3863: gcc --version >&5
gcc (GCC) 4.6.3 20120306 (Red Hat 4.6.3-2)
Copyright (C) 2011 Free Software Foundation, Inc.
This is free software; see the source for copying conditions.  There is NO
warranty; not even for MERCHANTABILITY or FITNESS FOR A PARTICULAR PURPOSE.

configure:3867: $? = 0
configure:3874: gcc -v >&5
Using built-in specs.
COLLECT_GCC=gcc
COLLECT_LTO_WRAPPER=/usr/libexec/gcc/x86_64-amazon-linux/4.6.3/lto-wrapper
Target: x86_64-amazon-linux
Configured with: ../configure --prefix=/usr --mandir=/usr/share/man --infodir=/usr/share/info --with-bugurl=http://bugzilla.redhat.com/bugzilla --enable-bootstrap --enable-shared --enable-threads=posix --enable-checking=release --with-system-zlib --enable-__cxa_atexit --disable-libunwind-exceptions --enable-gnu-unique-object --enable-linker-build-id --enable-languages=c,c++,objc,obj-c++,,fortran,ada,go,lto --enable-plugin --disable-libgcj --with-tune=generic --with-arch_32=i686 --build=x86_64-amazon-linux
Thread model: posix
gcc version 4.6.3 20120306 (Red Hat 4.6.3-2) (GCC) 
configure:3878: $? = 0
configure:3885: gcc -V >&5
gcc: error: unrecognized option '-V'
gcc: fatal error: no input files
compilation terminated.
configure:3889: $? = 4
configure:3912: checking for C compiler default output file name
configure:3934: gcc    conftest.c  >&5
configure:3938: $? = 0
configure:3976: result: a.out
configure:3995: checking whether the C compiler works
configure:4005: ./a.out
configure:4009: $? = 0
configure:4028: result: yes
configure:4035: checking whether we are cross compiling
configure:4037: result: no
configure:4040: checking for suffix of executables
configure:4047: gcc -o conftest    conftest.c  >&5
configure:4051: $? = 0
configure:4077: result: 
configure:4083: checking for suffix of object files
configure:4109: gcc -c   conftest.c >&5
configure:4113: $? = 0
configure:4138: result: o
configure:4142: checking whether we are using the GNU C compiler
configure:4171: gcc -c   conftest.c >&5
configure:4178: $? = 0
configure:4195: result: yes
configure:4204: checking whether gcc accepts -g
configure:4234: gcc -c -g  conftest.c >&5
configure:4241: $? = 0
configure:4342: result: yes
configure:4359: checking for gcc option to accept ISO C89
configure:4433: gcc  -c -g -O2  conftest.c >&5
configure:4440: $? = 0
configure:4463: result: none needed
configure:4492: checking for style of include used by make
configure:4520: result: GNU
configure:4545: checking dependency style of gcc
configure:4655: result: gcc3
configure:4674: checking for range_expand in -lcrange
configure:4709: gcc -o conftest -g -O2   conftest.c -lcrange   >&5
configure:4716: $? = 0
configure:4737: result: yes
configure:4751: checking for pthread_create in -lpthread
configure:4786: gcc -o conftest -g -O2   conftest.c -lpthread  -lcrange  >&5
configure:4793: $? = 0
configure:4814: result: yes
configure:4828: checking for curl_unescape in -lcurl
configure:4863: gcc -o conftest -g -O2   conftest.c -lcurl  -lpthread -lcrange  >&5
configure:4870: $? = 0
configure:4891: result: yes
configure:4905: checking for apr_initialize in -lapr-1
configure:4940: gcc -o conftest -g -O2   conftest.c -lapr-1  -lcurl -lpthread -lcrange  >&5
configure:4947: $? = 0
configure:4968: result: yes
configure:4982: checking for FCGX_InitRequest in -lfcgi
configure:5017: gcc -o conftest -g -O2   conftest.c -lfcgi  -lapr-1 -lcurl -lpthread -lcrange  >&5
configure:5024: $? = 0
configure:5045: result: yes
configure:5090: checking build system type
configure:5108: result: x86_64-unknown-linux-gnu
configure:5130: checking host system type
configure:5145: result: x86_64-unknown-linux-gnu
configure:5188: checking how to print strings
configure:5215: result: printf
configure:5236: checking for a sed that does not truncate output
configure:5302: result: /bin/sed
configure:5320: checking for grep that handles long lines and -e
configure:5380: result: /bin/grep
configure:5385: checking for egrep
configure:5449: result: /bin/grep -E
configure:5454: checking for fgrep
configure:5518: result: /bin/grep -F
configure:5553: checking for ld used by gcc
configure:5620: result: /usr/bin/ld
configure:5629: checking if the linker (/usr/bin/ld) is GNU ld
configure:5644: result: yes
configure:5656: checking for BSD- or MS-compatible name lister (nm)
configure:5705: result: /usr/bin/nm -B
configure:5835: checking the name lister (/usr/bin/nm -B) interface
configure:5842: gcc -c -g -O2  conftest.c >&5
configure:5845: /usr/bin/nm -B "conftest.o"
configure:5848: output
0000000000000000 B some_variable
configure:5855: result: BSD nm
configure:5858: checking whether ln -s works
configure:5862: result: yes
configure:5870: checking the maximum length of command line arguments
configure:5995: result: 1572864
configure:6012: checking whether the shell understands some XSI constructs
configure:6022: result: yes
configure:6026: checking whether the shell understands "+="
configure:6032: result: yes
configure:6067: checking for /usr/bin/ld option to reload object files
configure:6074: result: -r
configure:6143: checking for objdump
configure:6159: found /usr/bin/objdump
configure:6170: result: objdump
configure:6202: checking how to recognize dependent libraries
configure:6404: result: pass_all
configure:6464: checking for ar
configure:6480: found /usr/bin/ar
configure:6491: result: ar
configure:6569: checking for strip
configure:6585: found /usr/bin/strip
configure:6596: result: strip
configure:6668: checking for ranlib
configure:6684: found /usr/bin/ranlib
configure:6695: result: ranlib
configure:6797: checking command to parse /usr/bin/nm -B output from gcc object
configure:6915: gcc -c -g -O2  conftest.c >&5
configure:6918: $? = 0
configure:6922: /usr/bin/nm -B conftest.o \| sed -n -e 's/^.*[ ]\([ABCDGIRSTW][ABCDGIRSTW]*\)[ ][ ]*\([_A-Za-z][_A-Za-z0-9]*\)$/\1 \2 \2/p' \> conftest.nm
configure:6925: $? = 0
configure:6979: gcc -o conftest -g -O2   conftest.c conftstm.o >&5
configure:6982: $? = 0
configure:7020: result: ok
configure:7115: gcc -c -g -O2  conftest.c >&5
configure:7118: $? = 0
configure:7918: checking how to run the C preprocessor
configure:7958: gcc -E  conftest.c
configure:7965: $? = 0
configure:7996: gcc -E  conftest.c
conftest.c:15:28: fatal error: ac_nonexistent.h: No such file or directory
compilation terminated.
configure:8003: $? = 1
configure: failed program was:
| /* confdefs.h.  */
| #define PACKAGE_NAME "range-fcgi"
| #define PACKAGE_TARNAME "range-fcgi"
| #define PACKAGE_VERSION "0.1.0"
| #define PACKAGE_STRING "range-fcgi 0.1.0"
| #define PACKAGE_BUGREPORT "vigith@gmail.com"
| #define PACKAGE "range-fcgi"
| #define VERSION "2.6"
| #define HAVE_LIBCRANGE 1
| #define HAVE_LIBPTHREAD 1
| #define HAVE_LIBCURL 1
| #define HAVE_LIBAPR_1 1
| #define HAVE_LIBFCGI 1
| /* end confdefs.h.  */
| #include <ac_nonexistent.h>
configure:8036: result: gcc -E
configure:8065: gcc -E  conftest.c
configure:8072: $? = 0
configure:8103: gcc -E  conftest.c
conftest.c:15:28: fatal error: ac_nonexistent.h: No such file or directory
compilation terminated.
configure:8110: $? = 1
configure: failed program was:
| /* confdefs.h.  */
| #define PACKAGE_NAME "range-fcgi"
| #define PACKAGE_TARNAME "range-fcgi"
| #define PACKAGE_VERSION "0.1.0"
| #define PACKAGE_STRING "range-fcgi 0.1.0"
| #define PACKAGE_BUGREPORT "vigith@gmail.com"
| #define PACKAGE "range-fcgi"
| #define VERSION "2.6"
| #define HAVE_LIBCRANGE 1
| #define HAVE_LIBPTHREAD 1
| #define HAVE_LIBCURL 1
| #define HAVE_LIBAPR_1 1
| #define HAVE_LIBFCGI 1
| /* end confdefs.h.  */
| #include <ac_nonexistent.h>
configure:8150: checking for ANSI C header files
configure:8180: gcc -c -g -O2  conftest.c >&5
configure:8187: $? = 0
configure:8286: gcc -o conftest -g -O2   conftest.c -lfcgi -lapr-1 -lcurl -lpthread -lcrange  >&5
configure:8290: $? = 0
configure:8296: ./conftest
./conftest: error while loading shared libraries: libfcgi.so.0: cannot open shared object file: No such file or directory
configure:8300: $? = 127
configure: program exited with status 127
configure: failed program was:
| /* confdefs.h.  */
| #define PACKAGE_NAME "range-fcgi"
| #define PACKAGE_TARNAME "range-fcgi"
| #define PACKAGE_VERSION "0.1.0"
| #define PACKAGE_STRING "range-fcgi 0.1.0"
| #define PACKAGE_BUGREPORT "vigith@gmail.com"
| #define PACKAGE "range-fcgi"
| #define VERSION "2.6"
| #define HAVE_LIBCRANGE 1
| #define HAVE_LIBPTHREAD 1
| #define HAVE_LIBCURL 1
| #define HAVE_LIBAPR_1 1
| #define HAVE_LIBFCGI 1
| /* end confdefs.h.  */
| #include <ctype.h>
| #include <stdlib.h>
| #if ((' ' & 0x0FF) == 0x020)
| # define ISLOWER(c) ('a' <= (c) && (c) <= 'z')
| # define TOUPPER(c) (ISLOWER(c) ? 'A' + ((c) - 'a') : (c))
| #else
| # define ISLOWER(c) 		   (('a' <= (c) && (c) <= 'i') 		     || ('j' <= (c) && (c) <= 'r') 		     || ('s' <= (c) && (c) <= 'z'))
| # define TOUPPER(c) (ISLOWER(c) ? ((c) | 0x40) : (c))
| #endif
| 
| #define XOR(e, f) (((e) && !(f)) || (!(e) && (f)))
| int
| main ()
| {
|   int i;
|   for (i = 0; i < 256; i++)
|     if (XOR (islower (i), ISLOWER (i))
| 	|| toupper (i) != TOUPPER (i))
|       return 2;
|   return 0;
| }
configure:8318: result: no
configure:8342: checking for sys/types.h
configure:8363: gcc -c -g -O2  conftest.c >&5
configure:8370: $? = 0
configure:8387: result: yes
configure:8342: checking for sys/stat.h
configure:8363: gcc -c -g -O2  conftest.c >&5
configure:8370: $? = 0
configure:8387: result: yes
configure:8342: checking for stdlib.h
configure:8363: gcc -c -g -O2  conftest.c >&5
configure:8370: $? = 0
configure:8387: result: yes
configure:8342: checking for string.h
configure:8363: gcc -c -g -O2  conftest.c >&5
configure:8370: $? = 0
configure:8387: result: yes
configure:8342: checking for memory.h
configure:8363: gcc -c -g -O2  conftest.c >&5
configure:8370: $? = 0
configure:8387: result: yes
configure:8342: checking for strings.h
configure:8363: gcc -c -g -O2  conftest.c >&5
configure:8370: $? = 0
configure:8387: result: yes
configure:8342: checking for inttypes.h
configure:8363: gcc -c -g -O2  conftest.c >&5
configure:8370: $? = 0
configure:8387: result: yes
configure:8342: checking for stdint.h
configure:8363: gcc -c -g -O2  conftest.c >&5
configure:8370: $? = 0
configure:8387: result: yes
configure:8342: checking for unistd.h
configure:8363: gcc -c -g -O2  conftest.c >&5
configure:8370: $? = 0
configure:8387: result: yes
configure:8405: checking for dlfcn.h
configure:8426: gcc -c -g -O2  conftest.c >&5
configure:8433: $? = 0
configure:8450: result: yes
configure:8639: checking for objdir
configure:8654: result: .libs
configure:8921: checking if gcc supports -fno-rtti -fno-exceptions
configure:8939: gcc -c -g -O2  -fno-rtti -fno-exceptions conftest.c >&5
cc1: warning: command line option '-fno-rtti' is valid for C++/ObjC++ but not for C [enabled by default]
configure:8943: $? = 0
configure:8956: result: no
configure:8976: checking for gcc option to produce PIC
configure:9261: result: -fPIC -DPIC
configure:9273: checking if gcc PIC flag -fPIC -DPIC works
configure:9291: gcc -c -g -O2  -fPIC -DPIC -DPIC conftest.c >&5
configure:9295: $? = 0
configure:9308: result: yes
configure:9332: checking if gcc static flag -static works
configure:9360: result: no
configure:9375: checking if gcc supports -c -o file.o
configure:9396: gcc -c -g -O2  -o out/conftest2.o conftest.c >&5
configure:9400: $? = 0
configure:9422: result: yes
configure:9430: checking if gcc supports -c -o file.o
configure:9477: result: yes
configure:9510: checking whether the gcc linker (/usr/bin/ld -m elf_x86_64) supports shared libraries
configure:10673: result: yes
configure:10710: checking whether -lc should be explicitly linked in
configure:10718: gcc -c -g -O2  conftest.c >&5
configure:10721: $? = 0
configure:10736: gcc -shared conftest.o  -v -Wl,-soname -Wl,conftest -o conftest 2\>\&1 \| /bin/grep  -lc  \>/dev/null 2\>\&1
configure:10739: $? = 0
configure:10753: result: no
configure:10918: checking dynamic linker characteristics
configure:11383: gcc -o conftest -g -O2   -Wl,-rpath -Wl,/foo conftest.c -lfcgi -lapr-1 -lcurl -lpthread -lcrange  >&5
configure:11390: $? = 0
configure:11631: result: GNU/Linux ld.so
configure:11738: checking how to hardcode library paths into programs
configure:11763: result: immediate
configure:12616: checking whether stripping libraries is possible
configure:12621: result: yes
configure:12656: checking if libtool supports shared libraries
configure:12658: result: yes
configure:12661: checking whether to build shared libraries
configure:12682: result: yes
configure:12685: checking whether to build static libraries
configure:12689: result: yes
configure:12737: checking for stdlib.h
configure:12744: result: yes
configure:12737: checking for string.h
configure:12744: result: yes
configure:12737: checking for unistd.h
configure:12744: result: yes
configure:12748: checking fcgiapp.h usability
configure:12765: gcc -c -g -O2  conftest.c >&5
configure:12772: $? = 0
configure:12786: result: yes
configure:12790: checking fcgiapp.h presence
configure:12805: gcc -E  conftest.c
configure:12812: $? = 0
configure:12826: result: yes
configure:12859: checking for fcgiapp.h
configure:12868: result: yes
configure:12748: checking fcgi_stdio.h usability
configure:12765: gcc -c -g -O2  conftest.c >&5
configure:12772: $? = 0
configure:12786: result: yes
configure:12790: checking fcgi_stdio.h presence
configure:12805: gcc -E  conftest.c
configure:12812: $? = 0
configure:12826: result: yes
configure:12859: checking for fcgi_stdio.h
configure:12868: result: yes
configure:12748: checking curl/curl.h usability
configure:12765: gcc -c -g -O2  conftest.c >&5
configure:12772: $? = 0
configure:12786: result: yes
configure:12790: checking curl/curl.h presence
configure:12805: gcc -E  conftest.c
configure:12812: $? = 0
configure:12826: result: yes
configure:12859: checking for curl/curl.h
configure:12868: result: yes
configure:12889: checking for apr-config
configure:12922: result: no
configure:12931: checking for apr-1-config
configure:12949: found /usr/bin/apr-1-config
configure:12961: result: /usr/bin/apr-1-config
configure:12976: checking apr includes
configure:12979: result:   -pthread -DLINUX=2 -D_REENTRANT -D_GNU_SOURCE -I/usr/include/apr-1 
configure:12982: checking apr libraries
configure:12986: result:  /usr/lib64/libapr-1.la  -lpthread
configure:13004: checking libcrange.h usability
configure:13021: gcc -c -g -O2  -I  -pthread -DLINUX=2 -D_REENTRANT -D_GNU_SOURCE -I/usr/include/apr-1  conftest.c >&5
configure:13028: $? = 0
configure:13042: result: yes
configure:13046: checking libcrange.h presence
configure:13061: gcc -E  -I  -pthread -DLINUX=2 -D_REENTRANT -D_GNU_SOURCE -I/usr/include/apr-1  conftest.c
configure:13068: $? = 0
configure:13082: result: yes
configure:13115: checking for libcrange.h
configure:13122: result: yes
configure:13130: checking for pid_t
configure:13158: gcc -c -g -O2  -I  -pthread -DLINUX=2 -D_REENTRANT -D_GNU_SOURCE -I/usr/include/apr-1  conftest.c >&5
configure:13165: $? = 0
configure:13192: gcc -c -g -O2  -I  -pthread -DLINUX=2 -D_REENTRANT -D_GNU_SOURCE -I/usr/include/apr-1  conftest.c >&5
conftest.c: In function 'main':
conftest.c:68:20: error: expected expression before ')' token
configure:13199: $? = 1
configure: failed program was:
| /* confdefs.h.  */
| #define PACKAGE_NAME "range-fcgi"
| #define PACKAGE_TARNAME "range-fcgi"
| #define PACKAGE_VERSION "0.1.0"
| #define PACKAGE_STRING "range-fcgi 0.1.0"
| #define PACKAGE_BUGREPORT "vigith@gmail.com"
| #define PACKAGE "range-fcgi"
| #define VERSION "2.6"
| #define HAVE_LIBCRANGE 1
| #define HAVE_LIBPTHREAD 1
| #define HAVE_LIBCURL 1
| #define HAVE_LIBAPR_1 1
| #define HAVE_LIBFCGI 1
| #define HAVE_SYS_TYPES_H 1
| #define HAVE_SYS_STAT_H 1
| #define HAVE_STDLIB_H 1
| #define HAVE_STRING_H 1
| #define HAVE_MEMORY_H 1
| #define HAVE_STRINGS_H 1
| #define HAVE_INTTYPES_H 1
| #define HAVE_STDINT_H 1
| #define HAVE_UNISTD_H 1
| #define HAVE_DLFCN_H 1
| #define LT_OBJDIR ".libs/"
| #define HAVE_STDLIB_H 1
| #define HAVE_STRING_H 1
| #define HAVE_UNISTD_H 1
| #define HAVE_FCGIAPP_H 1
| #define HAVE_FCGI_STDIO_H 1
| #define HAVE_CURL_CURL_H 1
| /* end confdefs.h.  */
| #include <stdio.h>
| #ifdef HAVE_SYS_TYPES_H
| # include <sys/types.h>
| #endif
| #ifdef HAVE_SYS_STAT_H
| # include <sys/stat.h>
| #endif
| #ifdef STDC_HEADERS
| # include <stdlib.h>
| # include <stddef.h>
| #else
| # ifdef HAVE_STDLIB_H
| #  include <stdlib.h>
| # endif
| #endif
| #ifdef HAVE_STRING_H
| # if !defined STDC_HEADERS && defined HAVE_MEMORY_H
| #  include <memory.h>
| # endif
| # include <string.h>
| #endif
| #ifdef HAVE_STRINGS_H
| # include <strings.h>
| #endif
| #ifdef HAVE_INTTYPES_H
| # include <inttypes.h>
| #endif
| #ifdef HAVE_STDINT_H
| # include <stdint.h>
| #endif
| #ifdef HAVE_UNISTD_H
| # include <unistd.h>
| #endif
| int
| main ()
| {
| if (sizeof ((pid_t)))
| 	  return 0;
|   ;
|   return 0;
| }
configure:13222: result: yes
configure:13241: checking for stdlib.h
configure:13248: result: yes
configure:13387: checking for GNU libc compatible malloc
configure:13421: gcc -o conftest -g -O2  -I  -pthread -DLINUX=2 -D_REENTRANT -D_GNU_SOURCE -I/usr/include/apr-1   conftest.c -lfcgi -lapr-1 -lcurl -lpthread -lcrange  >&5
configure:13425: $? = 0
configure:13431: ./conftest
./conftest: error while loading shared libraries: libfcgi.so.0: cannot open shared object file: No such file or directory
configure:13435: $? = 127
configure: program exited with status 127
configure: failed program was:
| /* confdefs.h.  */
| #define PACKAGE_NAME "range-fcgi"
| #define PACKAGE_TARNAME "range-fcgi"
| #define PACKAGE_VERSION "0.1.0"
| #define PACKAGE_STRING "range-fcgi 0.1.0"
| #define PACKAGE_BUGREPORT "vigith@gmail.com"
| #define PACKAGE "range-fcgi"
| #define VERSION "2.6"
| #define HAVE_LIBCRANGE 1
| #define HAVE_LIBPTHREAD 1
| #define HAVE_LIBCURL 1
| #define HAVE_LIBAPR_1 1
| #define HAVE_LIBFCGI 1
| #define HAVE_SYS_TYPES_H 1
| #define HAVE_SYS_STAT_H 1
| #define HAVE_STDLIB_H 1
| #define HAVE_STRING_H 1
| #define HAVE_MEMORY_H 1
| #define HAVE_STRINGS_H 1
| #define HAVE_INTTYPES_H 1
| #define HAVE_STDINT_H 1
| #define HAVE_UNISTD_H 1
| #define HAVE_DLFCN_H 1
| #define LT_OBJDIR ".libs/"
| #define HAVE_STDLIB_H 1
| #define HAVE_STRING_H 1
| #define HAVE_UNISTD_H 1
| #define HAVE_FCGIAPP_H 1
| #define HAVE_FCGI_STDIO_H 1
| #define HAVE_CURL_CURL_H 1
| #define HAVE_STDLIB_H 1
| /* end confdefs.h.  */
| #if defined STDC_HEADERS || defined HAVE_STDLIB_H
| # include <stdlib.h>
| #else
| char *malloc ();
| #endif
| 
| int
| main ()
| {
| return ! malloc (0);
|   ;
|   return 0;
| }
configure:13452: result: no
configure:13485: checking for atexit
configure:13541: gcc -o conftest -g -O2  -I  -pthread -DLINUX=2 -D_REENTRANT -D_GNU_SOURCE -I/usr/include/apr-1   conftest.c -lfcgi -lapr-1 -lcurl -lpthread -lcrange  >&5
configure:13548: $? = 0
configure:13570: result: yes
configure:13485: checking for bzero
configure:13541: gcc -o conftest -g -O2  -I  -pthread -DLINUX=2 -D_REENTRANT -D_GNU_SOURCE -I/usr/include/apr-1   conftest.c -lfcgi -lapr-1 -lcurl -lpthread -lcrange  >&5
conftest.c:59:6: warning: conflicting types for built-in function 'bzero' [enabled by default]
configure:13548: $? = 0
configure:13570: result: yes
configure:13707: creating ./config.status

## ---------------------- ##
## Running config.status. ##
## ---------------------- ##

This file was extended by range-fcgi config.status 0.1.0, which was
generated by GNU Autoconf 2.63.  Invocation command line was

  CONFIG_FILES    = 
  CONFIG_HEADERS  = 
  CONFIG_LINKS    = 
  CONFIG_COMMANDS = 
  $ ./config.status 

on range1001.ops.sharerthis.com

config.status:1006: creating Makefile
config.status:1006: creating src/Makefile
config.status:1006: creating config.h
config.status:1228: config.h is unchanged
config.status:1280: executing depfiles commands
config.status:1280: executing libtool commands

## ---------------- ##
## Cache variables. ##
## ---------------- ##

ac_cv_build=x86_64-unknown-linux-gnu
ac_cv_c_compiler_gnu=yes
ac_cv_env_CC_set=
ac_cv_env_CC_value=
ac_cv_env_CFLAGS_set=
ac_cv_env_CFLAGS_value=
ac_cv_env_CPPFLAGS_set=
ac_cv_env_CPPFLAGS_value=
ac_cv_env_CPP_set=
ac_cv_env_CPP_value=
ac_cv_env_LDFLAGS_set=
ac_cv_env_LDFLAGS_value=
ac_cv_env_LIBS_set=
ac_cv_env_LIBS_value=
ac_cv_env_build_alias_set=
ac_cv_env_build_alias_value=
ac_cv_env_host_alias_set=
ac_cv_env_host_alias_value=
ac_cv_env_target_alias_set=
ac_cv_env_target_alias_value=
ac_cv_func_atexit=yes
ac_cv_func_bzero=yes
ac_cv_func_malloc_0_nonnull=no
ac_cv_header_curl_curl_h=yes
ac_cv_header_dlfcn_h=yes
ac_cv_header_fcgi_stdio_h=yes
ac_cv_header_fcgiapp_h=yes
ac_cv_header_inttypes_h=yes
ac_cv_header_libcrange_h=yes
ac_cv_header_memory_h=yes
ac_cv_header_stdc=no
ac_cv_header_stdint_h=yes
ac_cv_header_stdlib_h=yes
ac_cv_header_string_h=yes
ac_cv_header_strings_h=yes
ac_cv_header_sys_stat_h=yes
ac_cv_header_sys_types_h=yes
ac_cv_header_unistd_h=yes
ac_cv_host=x86_64-unknown-linux-gnu
ac_cv_lib_apr_1_apr_initialize=yes
ac_cv_lib_crange_range_expand=yes
ac_cv_lib_curl_curl_unescape=yes
ac_cv_lib_fcgi_FCGX_InitRequest=yes
ac_cv_lib_pthread_pthread_create=yes
ac_cv_objext=o
ac_cv_path_EGREP='/bin/grep -E'
ac_cv_path_FGREP='/bin/grep -F'
ac_cv_path_GREP=/bin/grep
ac_cv_path_SED=/bin/sed
ac_cv_path_aprconfig=/usr/bin/apr-1-config
ac_cv_path_install='/usr/bin/install -c'
ac_cv_path_mkdir=/bin/mkdir
ac_cv_prog_AWK=gawk
ac_cv_prog_CPP='gcc -E'
ac_cv_prog_ac_ct_AR=ar
ac_cv_prog_ac_ct_CC=gcc
ac_cv_prog_ac_ct_OBJDUMP=objdump
ac_cv_prog_ac_ct_RANLIB=ranlib
ac_cv_prog_ac_ct_STRIP=strip
ac_cv_prog_cc_c89=
ac_cv_prog_cc_g=yes
ac_cv_prog_make_make_set=yes
ac_cv_type_pid_t=yes
am_cv_CC_dependencies_compiler_type=gcc3
lt_cv_archive_cmds_need_lc=no
lt_cv_deplibs_check_method=pass_all
lt_cv_file_magic_cmd='$MAGIC_CMD'
lt_cv_file_magic_test_file=
lt_cv_ld_reload_flag=-r
lt_cv_nm_interface='BSD nm'
lt_cv_objdir=.libs
lt_cv_path_LD=/usr/bin/ld
lt_cv_path_NM='/usr/bin/nm -B'
lt_cv_prog_compiler_c_o=yes
lt_cv_prog_compiler_pic_works=yes
lt_cv_prog_compiler_rtti_exceptions=no
lt_cv_prog_compiler_static_works=no
lt_cv_prog_gnu_ld=yes
lt_cv_shlibpath_overrides_runpath=no
lt_cv_sys_global_symbol_pipe='sed -n -e '\''s/^.*[	 ]\([ABCDGIRSTW][ABCDGIRSTW]*\)[	 ][	 ]*\([_A-Za-z][_A-Za-z0-9]*\)$/\1 \2 \2/p'\'''
lt_cv_sys_global_symbol_to_c_name_address='sed -n -e '\''s/^: \([^ ]*\) $/  {\"\1\", (void *) 0},/p'\'' -e '\''s/^[ABCDGIRSTW]* \([^ ]*\) \([^ ]*\)$/  {"\2", (void *) \&\2},/p'\'''
lt_cv_sys_global_symbol_to_c_name_address_lib_prefix='sed -n -e '\''s/^: \([^ ]*\) $/  {\"\1\", (void *) 0},/p'\'' -e '\''s/^[ABCDGIRSTW]* \([^ ]*\) \(lib[^ ]*\)$/  {"\2", (void *) \&\2},/p'\'' -e '\''s/^[ABCDGIRSTW]* \([^ ]*\) \([^ ]*\)$/  {"lib\2", (void *) \&\2},/p'\'''
lt_cv_sys_global_symbol_to_cdecl='sed -n -e '\''s/^T .* \(.*\)$/extern int \1();/p'\'' -e '\''s/^[ABCDGIRSTW]* .* \(.*\)$/extern char \1;/p'\'''
lt_cv_sys_max_cmd_len=1572864

## ----------------- ##
## Output variables. ##
## ----------------- ##

ACLOCAL='${SHELL} /home/vigith/range-fcgi/source/missing --run aclocal-1.11'
AMDEPBACKSLASH='\'
AMDEP_FALSE='#'
AMDEP_TRUE=''
AMTAR='${SHELL} /home/vigith/range-fcgi/source/missing --run tar'
APR_CFLAGS='  -pthread -DLINUX=2 -D_REENTRANT -D_GNU_SOURCE -I/usr/include/apr-1 '
APR_LIBS=' /usr/lib64/libapr-1.la  -lpthread'
APR_LIBS_LD=' -lapr-1  -lpthread'
AR='ar'
AUTOCONF='${SHELL} /home/vigith/range-fcgi/source/missing --run autoconf'
AUTOHEADER='${SHELL} /home/vigith/range-fcgi/source/missing --run autoheader'
AUTOMAKE='${SHELL} /home/vigith/range-fcgi/source/missing --run automake-1.11'
AWK='gawk'
CC='gcc'
CCDEPMODE='depmode=gcc3'
CFLAGS='-g -O2'
CPP='gcc -E'
CPPFLAGS=' -I  -pthread -DLINUX=2 -D_REENTRANT -D_GNU_SOURCE -I/usr/include/apr-1 '
CYGPATH_W='echo'
DEFS='-DHAVE_CONFIG_H'
DEPDIR='.deps'
DSYMUTIL=''
DUMPBIN=''
ECHO_C=''
ECHO_N='-n'
ECHO_T=''
EGREP='/bin/grep -E'
EXEEXT=''
FGREP='/bin/grep -F'
GREP='/bin/grep'
INSTALL_DATA='${INSTALL} -m 644'
INSTALL_PROGRAM='${INSTALL}'
INSTALL_SCRIPT='${INSTALL}'
INSTALL_STRIP_PROGRAM='$(install_sh) -c -s'
LD='/usr/bin/ld -m elf_x86_64'
LDFLAGS=''
LIBOBJS=' ${LIBOBJDIR}malloc$U.o'
LIBS='-lfcgi -lapr-1 -lcurl -lpthread -lcrange '
LIBTOOL='$(SHELL) $(top_builddir)/libtool'
LIPO=''
LN_S='ln -s'
LTLIBOBJS=' ${LIBOBJDIR}malloc$U.lo'
MAKEINFO='${SHELL} /home/vigith/range-fcgi/source/missing --run makeinfo'
MKDIR_P='/bin/mkdir -p'
NM='/usr/bin/nm -B'
NMEDIT=''
OBJDUMP='objdump'
OBJEXT='o'
OTOOL64=''
OTOOL=''
PACKAGE='range-fcgi'
PACKAGE_BUGREPORT='vigith@gmail.com'
PACKAGE_NAME='range-fcgi'
PACKAGE_STRING='range-fcgi 0.1.0'
PACKAGE_TARNAME='range-fcgi'
PACKAGE_VERSION='0.1.0'
PATH_SEPARATOR=':'
RANLIB='ranlib'
SED='/bin/sed'
SET_MAKE=''
SHELL='/bin/sh'
STRIP='strip'
VERSION='2.6'
ac_ct_CC='gcc'
ac_ct_DUMPBIN=''
am__EXEEXT_FALSE=''
am__EXEEXT_TRUE='#'
am__fastdepCC_FALSE='#'
am__fastdepCC_TRUE=''
am__include='include'
am__isrc=''
am__leading_dot='.'
am__quote=''
am__tar='${AMTAR} chof - "$$tardir"'
am__untar='${AMTAR} xf -'
aprconfig='/usr/bin/apr-1-config'
bindir='${exec_prefix}/bin'
build='x86_64-unknown-linux-gnu'
build_alias=''
build_cpu='x86_64'
build_os='linux-gnu'
build_vendor='unknown'
datadir='${datarootdir}'
datarootdir='${prefix}/share'
docdir='${datarootdir}/doc/${PACKAGE_TARNAME}'
dvidir='${docdir}'
exec_prefix='${prefix}'
host='x86_64-unknown-linux-gnu'
host_alias=''
host_cpu='x86_64'
host_os='linux-gnu'
host_vendor='unknown'
htmldir='${docdir}'
includedir='${prefix}/include'
infodir='${datarootdir}/info'
install_sh='${SHELL} /home/vigith/range-fcgi/source/install-sh'
libdir='${exec_prefix}/lib'
libexecdir='${exec_prefix}/libexec'
localedir='${datarootdir}/locale'
localstatedir='${prefix}/var'
mandir='${datarootdir}/man'
mkdir_p='/bin/mkdir -p'
oldincludedir='/usr/include'
pdfdir='${docdir}'
prefix='/usr'
program_transform_name='s,x,x,'
psdir='${docdir}'
sbindir='${exec_prefix}/sbin'
sharedstatedir='${prefix}/com'
sysconfdir='${prefix}/etc'
target_alias=''

## ----------- ##
## confdefs.h. ##
## ----------- ##

#define PACKAGE_NAME "range-fcgi"
#define PACKAGE_TARNAME "range-fcgi"
#define PACKAGE_VERSION "0.1.0"
#define PACKAGE_STRING "range-fcgi 0.1.0"
#define PACKAGE_BUGREPORT "vigith@gmail.com"
#define PACKAGE "range-fcgi"
#define VERSION "2.6"
#define HAVE_LIBCRANGE 1
#define HAVE_LIBPTHREAD 1
#define HAVE_LIBCURL 1
#define HAVE_LIBAPR_1 1
#define HAVE_LIBFCGI 1
#define HAVE_SYS_TYPES_H 1
#define HAVE_SYS_STAT_H 1
#define HAVE_STDLIB_H 1
#define HAVE_STRING_H 1
#define HAVE_MEMORY_H 1
#define HAVE_STRINGS_H 1
#define HAVE_INTTYPES_H 1
#define HAVE_STDINT_H 1
#define HAVE_UNISTD_H 1
#define HAVE_DLFCN_H 1
#define LT_OBJDIR ".libs/"
#define HAVE_STDLIB_H 1
#define HAVE_STRING_H 1
#define HAVE_UNISTD_H 1
#define HAVE_FCGIAPP_H 1
#define HAVE_FCGI_STDIO_H 1
#define HAVE_CURL_CURL_H 1
#define HAVE_STDLIB_H 1
#define HAVE_MALLOC 0
#define malloc rpl_malloc
#define HAVE_ATEXIT 1
#define HAVE_BZERO 1

configure: exit 0
